Loading vocab...
token_vocab: 3525, post_vocab: 168, pos_vocab: 46, dep_vocab: 41, pol_vocab: 3
cuda memory allocated: 5082624
n_trainable_params: 211923, n_nontrainable_params: 1057200
training arguments:
>>> model_name: dualgcn
>>> dataset: laptop
>>> optimizer: <class 'torch.optim.adam.Adam'>
>>> initializer: <function xavier_uniform_ at 0x000001F3CB7155A0>
>>> learning_rate: 0.002
>>> l2reg: 0.0001
>>> num_epoch: 20
>>> batch_size: 16
>>> log_step: 5
>>> embed_dim: 300
>>> post_dim: 30
>>> pos_dim: 30
>>> hidden_dim: 50
>>> num_layers: 2
>>> polarities_dim: 3
>>> input_dropout: 0.7
>>> gcn_dropout: 0.1
>>> lower: True
>>> direct: False
>>> loop: True
>>> bidirect: True
>>> rnn_hidden: 50
>>> rnn_layers: 1
>>> rnn_dropout: 0.1
>>> attention_heads: 1
>>> max_length: 85
>>> device: cuda
>>> seed: 1000
>>> weight_decay: 0.0
>>> vocab_dir: D:\Desktop\DualGCN-ABSA-main\DualGCN-ABSA-main\DualGCN\dataset\Laptops_corenlp
>>> pad_id: 0
>>> parseadj: False
>>> parsehead: False
>>> cuda: 0
>>> losstype: doubleloss
>>> alpha: 0.2
>>> beta: 0.2
>>> pretrained_bert_name: bert-base-uncased
>>> adam_epsilon: 1e-08
>>> bert_dim: 768
>>> bert_dropout: 0.3
>>> diff_lr: False
>>> bert_lr: 2e-05
>>> model_class: <class 'models.dualgcn.DualGCNClassifier'>
>>> dataset_file: {'train': './dataset/Laptops_corenlp/train.json', 'test': './dataset/Laptops_corenlp/test.json'}
>>> inputs_cols: ['text', 'aspect', 'pos', 'head', 'deprel', 'post', 'mask', 'length', 'adj']
>>> post_size: 168
>>> pos_size: 46
>>>>>>>>>>>>>>>>>>>>>>>>>>>>>>>>>>>>>>>>>>>>>>>>>>>>>>>>>>>>
epoch: 0
>> saved: ./DualGCN/state_dict/dualgcn_laptop_acc_0.2642_f1_0.1393
loss: 1.3209, acc: 0.5000, test_acc: 0.2642, f1: 0.1393
loss: 1.3768, acc: 0.3750, test_acc: 0.2389, f1: 0.2051
>> saved: ./DualGCN/state_dict/dualgcn_laptop_acc_0.4604_f1_0.3258
loss: 1.3921, acc: 0.3542, test_acc: 0.4604, f1: 0.3258
loss: 1.3138, acc: 0.3750, test_acc: 0.4525, f1: 0.3255
loss: 1.3129, acc: 0.4000, test_acc: 0.4225, f1: 0.3162
loss: 1.0903, acc: 0.4167, test_acc: 0.3528, f1: 0.2738
>> saved: ./DualGCN/state_dict/dualgcn_laptop_acc_0.5269_f1_0.3614
loss: 1.3462, acc: 0.4375, test_acc: 0.5269, f1: 0.3614
>> saved: ./DualGCN/state_dict/dualgcn_laptop_acc_0.5538_f1_0.3588
loss: 1.3397, acc: 0.4375, test_acc: 0.5538, f1: 0.3588
loss: 1.1926, acc: 0.4653, test_acc: 0.5316, f1: 0.3737
>> saved: ./DualGCN/state_dict/dualgcn_laptop_acc_0.5617_f1_0.3457
loss: 1.3121, acc: 0.4625, test_acc: 0.5617, f1: 0.3457
>> saved: ./DualGCN/state_dict/dualgcn_laptop_acc_0.5744_f1_0.3873
loss: 1.4779, acc: 0.4545, test_acc: 0.5744, f1: 0.3873
loss: 1.3179, acc: 0.4635, test_acc: 0.5411, f1: 0.3915
loss: 1.4202, acc: 0.4567, test_acc: 0.5570, f1: 0.4006
loss: 1.1464, acc: 0.4554, test_acc: 0.5601, f1: 0.4068
loss: 1.1142, acc: 0.4708, test_acc: 0.5696, f1: 0.4111
loss: 1.0691, acc: 0.4844, test_acc: 0.5301, f1: 0.3987
>> saved: ./DualGCN/state_dict/dualgcn_laptop_acc_0.5965_f1_0.4345
loss: 1.3517, acc: 0.4816, test_acc: 0.5965, f1: 0.4345
loss: 0.9990, acc: 0.4931, test_acc: 0.5095, f1: 0.3884
>> saved: ./DualGCN/state_dict/dualgcn_laptop_acc_0.6013_f1_0.4321
loss: 1.3543, acc: 0.4868, test_acc: 0.6013, f1: 0.4321
>> saved: ./DualGCN/state_dict/dualgcn_laptop_acc_0.6028_f1_0.4277
loss: 1.4006, acc: 0.4844, test_acc: 0.6028, f1: 0.4277
>> saved: ./DualGCN/state_dict/dualgcn_laptop_acc_0.6076_f1_0.4351
loss: 1.0068, acc: 0.4911, test_acc: 0.6076, f1: 0.4351
>> saved: ./DualGCN/state_dict/dualgcn_laptop_acc_0.6187_f1_0.4979
loss: 1.2448, acc: 0.4972, test_acc: 0.6187, f1: 0.4979
loss: 1.2326, acc: 0.5027, test_acc: 0.6108, f1: 0.5092
>> saved: ./DualGCN/state_dict/dualgcn_laptop_acc_0.6250_f1_0.4858
loss: 1.0393, acc: 0.5130, test_acc: 0.6250, f1: 0.4858
loss: 1.0074, acc: 0.5250, test_acc: 0.5237, f1: 0.3987
loss: 1.3660, acc: 0.5264, test_acc: 0.6171, f1: 0.4444
loss: 1.2878, acc: 0.5301, test_acc: 0.6203, f1: 0.4535
>> saved: ./DualGCN/state_dict/dualgcn_laptop_acc_0.6329_f1_0.4848
loss: 0.9074, acc: 0.5402, test_acc: 0.6329, f1: 0.4848
>>>>>>>>>>>>>>>>>>>>>>>>>>>>>>>>>>>>>>>>>>>>>>>>>>>>>>>>>>>>
epoch: 1
loss: 1.2564, acc: 0.5000, test_acc: 0.6266, f1: 0.4656
loss: 0.9787, acc: 0.5625, test_acc: 0.6329, f1: 0.4807
loss: 0.9641, acc: 0.6042, test_acc: 0.5949, f1: 0.4601
loss: 0.8620, acc: 0.6406, test_acc: 0.6108, f1: 0.4666
loss: 1.2106, acc: 0.6000, test_acc: 0.6329, f1: 0.4785
>> saved: ./DualGCN/state_dict/dualgcn_laptop_acc_0.6424_f1_0.5294
loss: 1.2800, acc: 0.5833, test_acc: 0.6424, f1: 0.5294
>> saved: ./DualGCN/state_dict/dualgcn_laptop_acc_0.6693_f1_0.5636
loss: 0.9147, acc: 0.6161, test_acc: 0.6693, f1: 0.5636
loss: 0.7464, acc: 0.6406, test_acc: 0.6377, f1: 0.4838
loss: 1.1554, acc: 0.6389, test_acc: 0.6234, f1: 0.4590
loss: 1.0708, acc: 0.6562, test_acc: 0.6440, f1: 0.5085
loss: 0.8693, acc: 0.6591, test_acc: 0.6614, f1: 0.5478
loss: 1.3683, acc: 0.6510, test_acc: 0.6646, f1: 0.5670
>> saved: ./DualGCN/state_dict/dualgcn_laptop_acc_0.6899_f1_0.6112
loss: 0.8010, acc: 0.6635, test_acc: 0.6899, f1: 0.6112
>> saved: ./DualGCN/state_dict/dualgcn_laptop_acc_0.6930_f1_0.6169
loss: 1.3693, acc: 0.6518, test_acc: 0.6930, f1: 0.6169
loss: 1.2545, acc: 0.6458, test_acc: 0.6915, f1: 0.6140
>> saved: ./DualGCN/state_dict/dualgcn_laptop_acc_0.6994_f1_0.6298
loss: 0.9598, acc: 0.6523, test_acc: 0.6994, f1: 0.6298
loss: 1.5204, acc: 0.6397, test_acc: 0.6820, f1: 0.6292
>> saved: ./DualGCN/state_dict/dualgcn_laptop_acc_0.7041_f1_0.6321
loss: 1.0566, acc: 0.6424, test_acc: 0.7041, f1: 0.6321
loss: 1.5372, acc: 0.6283, test_acc: 0.6915, f1: 0.6167
loss: 1.2263, acc: 0.6219, test_acc: 0.6788, f1: 0.6371
loss: 0.8645, acc: 0.6280, test_acc: 0.6820, f1: 0.6330
loss: 1.4602, acc: 0.6250, test_acc: 0.6915, f1: 0.6152
loss: 0.9958, acc: 0.6277, test_acc: 0.6915, f1: 0.6129
loss: 0.8987, acc: 0.6354, test_acc: 0.6930, f1: 0.6358
loss: 0.9606, acc: 0.6375, test_acc: 0.6946, f1: 0.6377
loss: 1.1967, acc: 0.6394, test_acc: 0.6899, f1: 0.6037
loss: 0.6246, acc: 0.6481, test_acc: 0.6566, f1: 0.5282
loss: 1.4439, acc: 0.6406, test_acc: 0.6867, f1: 0.5866
>> saved: ./DualGCN/state_dict/dualgcn_laptop_acc_0.7120_f1_0.6332
loss: 0.9219, acc: 0.6444, test_acc: 0.7120, f1: 0.6332
>>>>>>>>>>>>>>>>>>>>>>>>>>>>>>>>>>>>>>>>>>>>>>>>>>>>>>>>>>>>
epoch: 2
loss: 0.9589, acc: 0.6250, test_acc: 0.7073, f1: 0.6438
loss: 1.1873, acc: 0.6875, test_acc: 0.6962, f1: 0.6182
loss: 0.8220, acc: 0.6875, test_acc: 0.7041, f1: 0.6131
loss: 0.9883, acc: 0.6719, test_acc: 0.6946, f1: 0.5903
loss: 1.0254, acc: 0.6625, test_acc: 0.6725, f1: 0.5494
loss: 1.2490, acc: 0.6250, test_acc: 0.6677, f1: 0.5570
loss: 0.8848, acc: 0.6607, test_acc: 0.7089, f1: 0.6295
>> saved: ./DualGCN/state_dict/dualgcn_laptop_acc_0.7199_f1_0.6641
loss: 0.9681, acc: 0.6641, test_acc: 0.7199, f1: 0.6641
>> saved: ./DualGCN/state_dict/dualgcn_laptop_acc_0.7215_f1_0.6510
loss: 1.0475, acc: 0.6667, test_acc: 0.7215, f1: 0.6510
loss: 1.1681, acc: 0.6813, test_acc: 0.7152, f1: 0.6501
loss: 1.2421, acc: 0.6648, test_acc: 0.6946, f1: 0.6122
loss: 1.0242, acc: 0.6562, test_acc: 0.7009, f1: 0.6276
loss: 0.9213, acc: 0.6731, test_acc: 0.6820, f1: 0.6339
loss: 0.8801, acc: 0.6696, test_acc: 0.7104, f1: 0.6481
loss: 1.0086, acc: 0.6625, test_acc: 0.6772, f1: 0.5776
loss: 1.3241, acc: 0.6523, test_acc: 0.6994, f1: 0.6088
loss: 1.0449, acc: 0.6581, test_acc: 0.6345, f1: 0.5771
loss: 0.9730, acc: 0.6562, test_acc: 0.6883, f1: 0.6125
loss: 1.1748, acc: 0.6447, test_acc: 0.6835, f1: 0.5883
loss: 1.0588, acc: 0.6469, test_acc: 0.6962, f1: 0.6109
loss: 0.9503, acc: 0.6518, test_acc: 0.7057, f1: 0.6288
loss: 1.0440, acc: 0.6506, test_acc: 0.6946, f1: 0.6178
loss: 1.2716, acc: 0.6467, test_acc: 0.6978, f1: 0.6480
loss: 0.6647, acc: 0.6589, test_acc: 0.6867, f1: 0.6501
loss: 0.8029, acc: 0.6675, test_acc: 0.7136, f1: 0.6578
loss: 1.4677, acc: 0.6611, test_acc: 0.6962, f1: 0.6108
loss: 0.7793, acc: 0.6690, test_acc: 0.6915, f1: 0.6316
loss: 1.0927, acc: 0.6696, test_acc: 0.6851, f1: 0.6481
>>>>>>>>>>>>>>>>>>>>>>>>>>>>>>>>>>>>>>>>>>>>>>>>>>>>>>>>>>>>
epoch: 3
loss: 1.2373, acc: 0.6875, test_acc: 0.7041, f1: 0.6662
>> saved: ./DualGCN/state_dict/dualgcn_laptop_acc_0.7263_f1_0.6768
loss: 0.8460, acc: 0.7188, test_acc: 0.7263, f1: 0.6768
loss: 0.8728, acc: 0.7500, test_acc: 0.7120, f1: 0.6545
loss: 1.1179, acc: 0.7031, test_acc: 0.7120, f1: 0.6486
loss: 0.9204, acc: 0.7125, test_acc: 0.7152, f1: 0.6535
loss: 0.7824, acc: 0.7188, test_acc: 0.7184, f1: 0.6562
loss: 1.3552, acc: 0.6875, test_acc: 0.7104, f1: 0.6498
loss: 0.7546, acc: 0.7188, test_acc: 0.6867, f1: 0.6339
loss: 1.1207, acc: 0.7153, test_acc: 0.7247, f1: 0.6765
loss: 1.1553, acc: 0.7000, test_acc: 0.6915, f1: 0.6135
loss: 0.6685, acc: 0.7159, test_acc: 0.7057, f1: 0.6361
loss: 0.8793, acc: 0.7083, test_acc: 0.6851, f1: 0.6076
loss: 0.9516, acc: 0.7019, test_acc: 0.7168, f1: 0.6619
loss: 1.0586, acc: 0.7009, test_acc: 0.7136, f1: 0.6583
loss: 1.2341, acc: 0.7000, test_acc: 0.7041, f1: 0.6362
loss: 0.7732, acc: 0.7070, test_acc: 0.6851, f1: 0.6056
loss: 0.9420, acc: 0.7096, test_acc: 0.7104, f1: 0.6420
loss: 0.9887, acc: 0.7118, test_acc: 0.7041, f1: 0.6200
loss: 0.9966, acc: 0.7138, test_acc: 0.6978, f1: 0.6064
loss: 0.9106, acc: 0.7094, test_acc: 0.7152, f1: 0.6353
loss: 0.8642, acc: 0.7113, test_acc: 0.7215, f1: 0.6501
loss: 0.8602, acc: 0.7188, test_acc: 0.7152, f1: 0.6337
loss: 0.7473, acc: 0.7255, test_acc: 0.7136, f1: 0.6308
loss: 0.9592, acc: 0.7240, test_acc: 0.7120, f1: 0.6384
loss: 0.7357, acc: 0.7275, test_acc: 0.7168, f1: 0.6523
loss: 0.8865, acc: 0.7260, test_acc: 0.7057, f1: 0.6293
loss: 0.8033, acc: 0.7292, test_acc: 0.7136, f1: 0.6333
loss: 0.7383, acc: 0.7344, test_acc: 0.7199, f1: 0.6492
loss: 0.9745, acc: 0.7306, test_acc: 0.7104, f1: 0.6565
>>>>>>>>>>>>>>>>>>>>>>>>>>>>>>>>>>>>>>>>>>>>>>>>>>>>>>>>>>>>
epoch: 4
loss: 1.0390, acc: 0.5625, test_acc: 0.7041, f1: 0.6657
loss: 1.1329, acc: 0.5625, test_acc: 0.7215, f1: 0.6733
loss: 0.7599, acc: 0.6250, test_acc: 0.7215, f1: 0.6680
loss: 0.8848, acc: 0.6719, test_acc: 0.7152, f1: 0.6583
loss: 1.1755, acc: 0.6750, test_acc: 0.7168, f1: 0.6613
>> saved: ./DualGCN/state_dict/dualgcn_laptop_acc_0.7294_f1_0.6650
loss: 1.1294, acc: 0.6562, test_acc: 0.7294, f1: 0.6650
loss: 1.1570, acc: 0.6518, test_acc: 0.7089, f1: 0.6342
loss: 1.0775, acc: 0.6484, test_acc: 0.7215, f1: 0.6538
>> saved: ./DualGCN/state_dict/dualgcn_laptop_acc_0.7358_f1_0.6771
loss: 1.0519, acc: 0.6458, test_acc: 0.7358, f1: 0.6771
>> saved: ./DualGCN/state_dict/dualgcn_laptop_acc_0.7373_f1_0.6841
loss: 0.9779, acc: 0.6500, test_acc: 0.7373, f1: 0.6841
loss: 0.8592, acc: 0.6648, test_acc: 0.7231, f1: 0.6510
loss: 0.9978, acc: 0.6562, test_acc: 0.7247, f1: 0.6514
loss: 0.9502, acc: 0.6538, test_acc: 0.7294, f1: 0.6649
loss: 0.9242, acc: 0.6562, test_acc: 0.7120, f1: 0.6493
loss: 1.1550, acc: 0.6542, test_acc: 0.7247, f1: 0.6723
loss: 1.1300, acc: 0.6484, test_acc: 0.7215, f1: 0.6704
loss: 0.7601, acc: 0.6581, test_acc: 0.7199, f1: 0.6696
loss: 0.7671, acc: 0.6667, test_acc: 0.7104, f1: 0.6659
loss: 1.0697, acc: 0.6678, test_acc: 0.7342, f1: 0.6866
loss: 1.1342, acc: 0.6719, test_acc: 0.7136, f1: 0.6508
loss: 0.5854, acc: 0.6786, test_acc: 0.7247, f1: 0.6647
loss: 0.8935, acc: 0.6818, test_acc: 0.7168, f1: 0.6536
loss: 0.8349, acc: 0.6848, test_acc: 0.7168, f1: 0.6585
loss: 0.8276, acc: 0.6901, test_acc: 0.7215, f1: 0.6755
loss: 0.9203, acc: 0.6900, test_acc: 0.7358, f1: 0.6816
loss: 0.9183, acc: 0.6899, test_acc: 0.7184, f1: 0.6498
loss: 0.9231, acc: 0.6898, test_acc: 0.7215, f1: 0.6764
loss: 1.1037, acc: 0.6897, test_acc: 0.7199, f1: 0.6763
loss: 0.8185, acc: 0.6900, test_acc: 0.7073, f1: 0.6327
>>>>>>>>>>>>>>>>>>>>>>>>>>>>>>>>>>>>>>>>>>>>>>>>>>>>>>>>>>>>
epoch: 5
loss: 1.1131, acc: 0.5625, test_acc: 0.7057, f1: 0.6309
loss: 0.7599, acc: 0.6875, test_acc: 0.7263, f1: 0.6738
loss: 0.8951, acc: 0.7500, test_acc: 0.7168, f1: 0.6721
loss: 0.9597, acc: 0.7188, test_acc: 0.7168, f1: 0.6614
loss: 0.6300, acc: 0.7500, test_acc: 0.7215, f1: 0.6559
loss: 1.0320, acc: 0.7292, test_acc: 0.7120, f1: 0.6399
loss: 1.2154, acc: 0.7054, test_acc: 0.7089, f1: 0.6448
loss: 0.9288, acc: 0.6953, test_acc: 0.7009, f1: 0.6457
loss: 0.8077, acc: 0.7014, test_acc: 0.7152, f1: 0.6549
loss: 0.9008, acc: 0.6937, test_acc: 0.7025, f1: 0.6267
loss: 1.1905, acc: 0.6818, test_acc: 0.7120, f1: 0.6552
loss: 1.0342, acc: 0.6771, test_acc: 0.7278, f1: 0.6784
loss: 0.6940, acc: 0.6827, test_acc: 0.7342, f1: 0.6811
loss: 0.9516, acc: 0.6875, test_acc: 0.7310, f1: 0.6751
loss: 0.7903, acc: 0.6958, test_acc: 0.7184, f1: 0.6473
loss: 0.5705, acc: 0.7109, test_acc: 0.7168, f1: 0.6480
loss: 0.8228, acc: 0.7169, test_acc: 0.7136, f1: 0.6538
loss: 1.1935, acc: 0.7118, test_acc: 0.7073, f1: 0.6599
>> saved: ./DualGCN/state_dict/dualgcn_laptop_acc_0.7405_f1_0.6927
loss: 0.9077, acc: 0.7138, test_acc: 0.7405, f1: 0.6927
loss: 0.7893, acc: 0.7125, test_acc: 0.7373, f1: 0.6801
loss: 1.0861, acc: 0.7113, test_acc: 0.7389, f1: 0.6851
loss: 0.5855, acc: 0.7216, test_acc: 0.7152, f1: 0.6718
loss: 0.7272, acc: 0.7255, test_acc: 0.6962, f1: 0.6576
loss: 0.9316, acc: 0.7266, test_acc: 0.7278, f1: 0.6739
loss: 0.7442, acc: 0.7300, test_acc: 0.7215, f1: 0.6547
loss: 0.7335, acc: 0.7332, test_acc: 0.7263, f1: 0.6638
loss: 0.6367, acc: 0.7361, test_acc: 0.7342, f1: 0.6805
loss: 0.7342, acc: 0.7388, test_acc: 0.7326, f1: 0.6851
>>>>>>>>>>>>>>>>>>>>>>>>>>>>>>>>>>>>>>>>>>>>>>>>>>>>>>>>>>>>
epoch: 6
loss: 0.7240, acc: 0.8125, test_acc: 0.7294, f1: 0.6777
loss: 0.8800, acc: 0.8438, test_acc: 0.7215, f1: 0.6671
loss: 0.6477, acc: 0.8333, test_acc: 0.7405, f1: 0.6921
loss: 1.0366, acc: 0.7500, test_acc: 0.7104, f1: 0.6427
loss: 0.5679, acc: 0.7750, test_acc: 0.7057, f1: 0.6338
loss: 0.8155, acc: 0.7812, test_acc: 0.7294, f1: 0.6740
loss: 0.8727, acc: 0.7679, test_acc: 0.7294, f1: 0.6756
loss: 1.1915, acc: 0.7500, test_acc: 0.7263, f1: 0.6686
loss: 0.8767, acc: 0.7500, test_acc: 0.7184, f1: 0.6560
loss: 0.8913, acc: 0.7500, test_acc: 0.7263, f1: 0.6696
loss: 0.7709, acc: 0.7557, test_acc: 0.7278, f1: 0.6828
loss: 0.7911, acc: 0.7552, test_acc: 0.7278, f1: 0.6839
loss: 0.6349, acc: 0.7644, test_acc: 0.7199, f1: 0.6588
loss: 1.4816, acc: 0.7455, test_acc: 0.7073, f1: 0.6424
loss: 0.9989, acc: 0.7417, test_acc: 0.7199, f1: 0.6603
loss: 0.6794, acc: 0.7461, test_acc: 0.7089, f1: 0.6698
loss: 1.0565, acc: 0.7390, test_acc: 0.7073, f1: 0.6697
loss: 0.8803, acc: 0.7431, test_acc: 0.7231, f1: 0.6727
loss: 0.9799, acc: 0.7467, test_acc: 0.7231, f1: 0.6714
loss: 0.5762, acc: 0.7531, test_acc: 0.7263, f1: 0.6716
loss: 1.0255, acc: 0.7470, test_acc: 0.7263, f1: 0.6699
loss: 0.8255, acc: 0.7472, test_acc: 0.7231, f1: 0.6647
loss: 0.7658, acc: 0.7500, test_acc: 0.7247, f1: 0.6685
loss: 0.8267, acc: 0.7526, test_acc: 0.7294, f1: 0.6826
loss: 0.7641, acc: 0.7550, test_acc: 0.7326, f1: 0.6854
loss: 0.9206, acc: 0.7524, test_acc: 0.7326, f1: 0.6805
loss: 1.0212, acc: 0.7500, test_acc: 0.7342, f1: 0.6749
loss: 0.7987, acc: 0.7522, test_acc: 0.7168, f1: 0.6689
loss: 0.9617, acc: 0.7500, test_acc: 0.7310, f1: 0.6890
>>>>>>>>>>>>>>>>>>>>>>>>>>>>>>>>>>>>>>>>>>>>>>>>>>>>>>>>>>>>
epoch: 7
loss: 0.8883, acc: 0.7500, test_acc: 0.7326, f1: 0.6745
loss: 0.9654, acc: 0.7500, test_acc: 0.7104, f1: 0.6452
loss: 1.2733, acc: 0.6875, test_acc: 0.7310, f1: 0.6801
loss: 1.0493, acc: 0.6719, test_acc: 0.7278, f1: 0.6840
loss: 0.9883, acc: 0.6625, test_acc: 0.7342, f1: 0.6879
loss: 0.9511, acc: 0.6562, test_acc: 0.7294, f1: 0.6798
loss: 0.6575, acc: 0.6875, test_acc: 0.7294, f1: 0.6768
loss: 0.6549, acc: 0.7031, test_acc: 0.7247, f1: 0.6726
loss: 0.6105, acc: 0.7153, test_acc: 0.7294, f1: 0.6798
loss: 0.7198, acc: 0.7250, test_acc: 0.7326, f1: 0.6844
loss: 0.7536, acc: 0.7330, test_acc: 0.7215, f1: 0.6670
loss: 0.8372, acc: 0.7344, test_acc: 0.7263, f1: 0.6659
loss: 1.1955, acc: 0.7212, test_acc: 0.7215, f1: 0.6701
loss: 0.8744, acc: 0.7232, test_acc: 0.7152, f1: 0.6708
loss: 0.9039, acc: 0.7250, test_acc: 0.7326, f1: 0.6859
>> saved: ./DualGCN/state_dict/dualgcn_laptop_acc_0.7437_f1_0.6972
loss: 0.7681, acc: 0.7305, test_acc: 0.7437, f1: 0.6972
loss: 1.0654, acc: 0.7279, test_acc: 0.7358, f1: 0.6867
loss: 0.6864, acc: 0.7326, test_acc: 0.7199, f1: 0.6616
loss: 0.4600, acc: 0.7467, test_acc: 0.7199, f1: 0.6491
loss: 1.1219, acc: 0.7375, test_acc: 0.7136, f1: 0.6488
loss: 1.0300, acc: 0.7321, test_acc: 0.7120, f1: 0.6485
loss: 0.8440, acc: 0.7330, test_acc: 0.7231, f1: 0.6644
loss: 0.7977, acc: 0.7364, test_acc: 0.7278, f1: 0.6711
loss: 0.7944, acc: 0.7396, test_acc: 0.7199, f1: 0.6734
loss: 0.7886, acc: 0.7375, test_acc: 0.7073, f1: 0.6625
loss: 0.6715, acc: 0.7428, test_acc: 0.7278, f1: 0.6718
loss: 1.0139, acc: 0.7407, test_acc: 0.7073, f1: 0.6351
loss: 0.6978, acc: 0.7433, test_acc: 0.6930, f1: 0.6142
>>>>>>>>>>>>>>>>>>>>>>>>>>>>>>>>>>>>>>>>>>>>>>>>>>>>>>>>>>>>
epoch: 8
loss: 0.7630, acc: 0.7500, test_acc: 0.7009, f1: 0.6329
loss: 0.9802, acc: 0.7500, test_acc: 0.7136, f1: 0.6521
loss: 0.4640, acc: 0.8125, test_acc: 0.7136, f1: 0.6606
loss: 0.7543, acc: 0.8125, test_acc: 0.7231, f1: 0.6709
loss: 0.6004, acc: 0.8375, test_acc: 0.7199, f1: 0.6623
loss: 0.8194, acc: 0.8333, test_acc: 0.7184, f1: 0.6601
loss: 0.6697, acc: 0.8393, test_acc: 0.7263, f1: 0.6743
loss: 1.0978, acc: 0.8047, test_acc: 0.7073, f1: 0.6722
loss: 1.1874, acc: 0.7778, test_acc: 0.7405, f1: 0.6957
loss: 0.7645, acc: 0.7812, test_acc: 0.7294, f1: 0.6697
loss: 1.2785, acc: 0.7614, test_acc: 0.7247, f1: 0.6587
loss: 0.7514, acc: 0.7656, test_acc: 0.7231, f1: 0.6793
loss: 0.6943, acc: 0.7788, test_acc: 0.7057, f1: 0.6682
loss: 1.3177, acc: 0.7589, test_acc: 0.7247, f1: 0.6816
loss: 1.0625, acc: 0.7542, test_acc: 0.7152, f1: 0.6547
loss: 0.6321, acc: 0.7617, test_acc: 0.7104, f1: 0.6386
loss: 0.6478, acc: 0.7684, test_acc: 0.7152, f1: 0.6534
loss: 0.6875, acc: 0.7743, test_acc: 0.7089, f1: 0.6580
loss: 0.8647, acc: 0.7763, test_acc: 0.7073, f1: 0.6596
loss: 0.8187, acc: 0.7781, test_acc: 0.7184, f1: 0.6664
loss: 0.6890, acc: 0.7798, test_acc: 0.7373, f1: 0.6918
loss: 0.5182, acc: 0.7898, test_acc: 0.7342, f1: 0.6953
loss: 0.6429, acc: 0.7908, test_acc: 0.7136, f1: 0.6615
loss: 0.8508, acc: 0.7839, test_acc: 0.7231, f1: 0.6625
loss: 0.7692, acc: 0.7800, test_acc: 0.7231, f1: 0.6667
loss: 1.0242, acc: 0.7812, test_acc: 0.7104, f1: 0.6481
loss: 0.7085, acc: 0.7847, test_acc: 0.7041, f1: 0.6391
loss: 1.2689, acc: 0.7790, test_acc: 0.7152, f1: 0.6446
loss: 0.5234, acc: 0.7845, test_acc: 0.7120, f1: 0.6442
>>>>>>>>>>>>>>>>>>>>>>>>>>>>>>>>>>>>>>>>>>>>>>>>>>>>>>>>>>>>
epoch: 9
loss: 0.7416, acc: 0.8125, test_acc: 0.6978, f1: 0.6583
loss: 1.0222, acc: 0.7500, test_acc: 0.6978, f1: 0.6574
loss: 0.8475, acc: 0.7500, test_acc: 0.7104, f1: 0.6615
loss: 0.7529, acc: 0.7656, test_acc: 0.7168, f1: 0.6531
loss: 1.1837, acc: 0.7500, test_acc: 0.7152, f1: 0.6502
loss: 0.6366, acc: 0.7812, test_acc: 0.7247, f1: 0.6692
loss: 0.5850, acc: 0.7946, test_acc: 0.7089, f1: 0.6584
loss: 0.9154, acc: 0.7891, test_acc: 0.7041, f1: 0.6514
loss: 0.9347, acc: 0.7708, test_acc: 0.7104, f1: 0.6576
loss: 1.2371, acc: 0.7562, test_acc: 0.7136, f1: 0.6561
loss: 0.9953, acc: 0.7500, test_acc: 0.7120, f1: 0.6481
loss: 0.9602, acc: 0.7500, test_acc: 0.7278, f1: 0.6608
loss: 0.6130, acc: 0.7596, test_acc: 0.7104, f1: 0.6569
loss: 1.3950, acc: 0.7411, test_acc: 0.7089, f1: 0.6618
loss: 0.7358, acc: 0.7458, test_acc: 0.7278, f1: 0.6799
loss: 0.8052, acc: 0.7461, test_acc: 0.7358, f1: 0.6855
loss: 0.9298, acc: 0.7463, test_acc: 0.7326, f1: 0.6814
loss: 0.5853, acc: 0.7500, test_acc: 0.7089, f1: 0.6452
loss: 0.7542, acc: 0.7500, test_acc: 0.7120, f1: 0.6513
loss: 0.7481, acc: 0.7531, test_acc: 0.7215, f1: 0.6684
loss: 0.8143, acc: 0.7560, test_acc: 0.7231, f1: 0.6792
loss: 0.5356, acc: 0.7670, test_acc: 0.7358, f1: 0.6947
loss: 0.6579, acc: 0.7663, test_acc: 0.7358, f1: 0.7001
loss: 0.8093, acc: 0.7656, test_acc: 0.7152, f1: 0.6644
loss: 1.0208, acc: 0.7650, test_acc: 0.7168, f1: 0.6607
loss: 1.0144, acc: 0.7644, test_acc: 0.7231, f1: 0.6754
loss: 0.6076, acc: 0.7708, test_acc: 0.7358, f1: 0.6946
loss: 1.2143, acc: 0.7656, test_acc: 0.7263, f1: 0.6818
loss: 0.6271, acc: 0.7686, test_acc: 0.7215, f1: 0.6730
>>>>>>>>>>>>>>>>>>>>>>>>>>>>>>>>>>>>>>>>>>>>>>>>>>>>>>>>>>>>
epoch: 10
loss: 0.7143, acc: 0.8750, test_acc: 0.7310, f1: 0.6717
loss: 0.9496, acc: 0.7500, test_acc: 0.7231, f1: 0.6539
loss: 1.1248, acc: 0.6875, test_acc: 0.7104, f1: 0.6559
loss: 0.5781, acc: 0.7188, test_acc: 0.7073, f1: 0.6674
loss: 1.0347, acc: 0.7125, test_acc: 0.7184, f1: 0.6796
loss: 0.7624, acc: 0.7188, test_acc: 0.7342, f1: 0.6904
>> saved: ./DualGCN/state_dict/dualgcn_laptop_acc_0.7468_f1_0.6983
loss: 0.6398, acc: 0.7321, test_acc: 0.7468, f1: 0.6983
loss: 1.1093, acc: 0.7031, test_acc: 0.7294, f1: 0.6742
loss: 0.5607, acc: 0.7292, test_acc: 0.7278, f1: 0.6814
loss: 0.8243, acc: 0.7312, test_acc: 0.7041, f1: 0.6601
loss: 0.5714, acc: 0.7557, test_acc: 0.7089, f1: 0.6717
loss: 1.0015, acc: 0.7500, test_acc: 0.7278, f1: 0.6838
loss: 0.5694, acc: 0.7644, test_acc: 0.7373, f1: 0.6850
loss: 0.8393, acc: 0.7768, test_acc: 0.7373, f1: 0.6811
loss: 0.5585, acc: 0.7875, test_acc: 0.7247, f1: 0.6773
>> saved: ./DualGCN/state_dict/dualgcn_laptop_acc_0.7484_f1_0.7093
loss: 0.8432, acc: 0.7852, test_acc: 0.7484, f1: 0.7093
>> saved: ./DualGCN/state_dict/dualgcn_laptop_acc_0.7516_f1_0.7076
loss: 0.4550, acc: 0.7978, test_acc: 0.7516, f1: 0.7076
loss: 0.5321, acc: 0.8056, test_acc: 0.7278, f1: 0.6737
loss: 0.7982, acc: 0.8026, test_acc: 0.7310, f1: 0.6810
loss: 0.6375, acc: 0.8031, test_acc: 0.7294, f1: 0.6807
loss: 0.7997, acc: 0.8036, test_acc: 0.7247, f1: 0.6702
loss: 0.7496, acc: 0.8040, test_acc: 0.7358, f1: 0.6887
loss: 0.5205, acc: 0.8071, test_acc: 0.7342, f1: 0.6917
loss: 0.8675, acc: 0.8021, test_acc: 0.7073, f1: 0.6701
loss: 0.8704, acc: 0.8025, test_acc: 0.7247, f1: 0.6816
loss: 0.5508, acc: 0.8077, test_acc: 0.7453, f1: 0.7004
loss: 0.6390, acc: 0.8079, test_acc: 0.7405, f1: 0.6925
loss: 0.5835, acc: 0.8058, test_acc: 0.7389, f1: 0.6904
>>>>>>>>>>>>>>>>>>>>>>>>>>>>>>>>>>>>>>>>>>>>>>>>>>>>>>>>>>>>
epoch: 11
loss: 0.8769, acc: 0.8125, test_acc: 0.7104, f1: 0.6500
loss: 0.8993, acc: 0.7188, test_acc: 0.7231, f1: 0.6662
loss: 0.8759, acc: 0.7292, test_acc: 0.7389, f1: 0.6862
loss: 0.9056, acc: 0.7188, test_acc: 0.7373, f1: 0.7027
loss: 0.8461, acc: 0.7250, test_acc: 0.7184, f1: 0.6795
loss: 0.7879, acc: 0.7292, test_acc: 0.7326, f1: 0.6841
loss: 1.0669, acc: 0.7143, test_acc: 0.7278, f1: 0.6715
loss: 0.7763, acc: 0.7188, test_acc: 0.7437, f1: 0.6969
loss: 0.7141, acc: 0.7361, test_acc: 0.7389, f1: 0.6939
loss: 0.6116, acc: 0.7562, test_acc: 0.7437, f1: 0.7074
loss: 0.7329, acc: 0.7727, test_acc: 0.7326, f1: 0.6882
loss: 0.8585, acc: 0.7812, test_acc: 0.7389, f1: 0.6910
loss: 0.7784, acc: 0.7740, test_acc: 0.7342, f1: 0.6833
loss: 0.7167, acc: 0.7812, test_acc: 0.7215, f1: 0.6729
loss: 0.8325, acc: 0.7792, test_acc: 0.7294, f1: 0.6864
loss: 0.8801, acc: 0.7734, test_acc: 0.7405, f1: 0.7046
loss: 0.6271, acc: 0.7794, test_acc: 0.7421, f1: 0.7041
loss: 0.9339, acc: 0.7778, test_acc: 0.7294, f1: 0.6739
loss: 1.1609, acc: 0.7664, test_acc: 0.7120, f1: 0.6343
loss: 1.1486, acc: 0.7531, test_acc: 0.7184, f1: 0.6481
loss: 1.1071, acc: 0.7411, test_acc: 0.7342, f1: 0.6871
loss: 0.6678, acc: 0.7443, test_acc: 0.7453, f1: 0.7020
loss: 0.9655, acc: 0.7446, test_acc: 0.7421, f1: 0.6984
loss: 0.8939, acc: 0.7474, test_acc: 0.7342, f1: 0.6841
loss: 1.0003, acc: 0.7425, test_acc: 0.7310, f1: 0.6693
loss: 0.8355, acc: 0.7452, test_acc: 0.7342, f1: 0.6661
loss: 0.7598, acc: 0.7454, test_acc: 0.7358, f1: 0.6777
loss: 0.7170, acc: 0.7500, test_acc: 0.7405, f1: 0.6856
loss: 0.6047, acc: 0.7565, test_acc: 0.7342, f1: 0.6811
>>>>>>>>>>>>>>>>>>>>>>>>>>>>>>>>>>>>>>>>>>>>>>>>>>>>>>>>>>>>
epoch: 12
loss: 0.7866, acc: 0.8750, test_acc: 0.7405, f1: 0.6943
loss: 1.0472, acc: 0.6875, test_acc: 0.7215, f1: 0.6881
loss: 0.6597, acc: 0.7708, test_acc: 0.7278, f1: 0.6846
loss: 0.6860, acc: 0.7812, test_acc: 0.7168, f1: 0.6544
loss: 0.9247, acc: 0.7875, test_acc: 0.7421, f1: 0.6877
loss: 0.5305, acc: 0.8125, test_acc: 0.7389, f1: 0.6939
loss: 0.6238, acc: 0.8125, test_acc: 0.7263, f1: 0.6827
loss: 0.7742, acc: 0.8125, test_acc: 0.7405, f1: 0.6992
loss: 0.6520, acc: 0.8194, test_acc: 0.7358, f1: 0.6868
loss: 0.6901, acc: 0.8187, test_acc: 0.7184, f1: 0.6570
loss: 0.6733, acc: 0.8182, test_acc: 0.7294, f1: 0.6722
loss: 0.8784, acc: 0.8073, test_acc: 0.7342, f1: 0.6874
loss: 0.6748, acc: 0.8125, test_acc: 0.7405, f1: 0.6952
loss: 0.7132, acc: 0.8080, test_acc: 0.7484, f1: 0.7053
loss: 0.6315, acc: 0.8125, test_acc: 0.7373, f1: 0.6967
loss: 0.6955, acc: 0.8164, test_acc: 0.7484, f1: 0.7051
loss: 0.6650, acc: 0.8199, test_acc: 0.7358, f1: 0.6872
loss: 0.7244, acc: 0.8229, test_acc: 0.7294, f1: 0.6763
loss: 0.5293, acc: 0.8289, test_acc: 0.7168, f1: 0.6656
loss: 0.8899, acc: 0.8250, test_acc: 0.7484, f1: 0.7048
loss: 0.4407, acc: 0.8333, test_acc: 0.7373, f1: 0.6889
loss: 0.5557, acc: 0.8381, test_acc: 0.7326, f1: 0.6834
loss: 0.6837, acc: 0.8397, test_acc: 0.7326, f1: 0.6786
loss: 0.5043, acc: 0.8438, test_acc: 0.7215, f1: 0.6655
loss: 0.6164, acc: 0.8450, test_acc: 0.7231, f1: 0.6665
loss: 0.9596, acc: 0.8413, test_acc: 0.7373, f1: 0.6860
loss: 0.6829, acc: 0.8380, test_acc: 0.7421, f1: 0.7035
loss: 1.1024, acc: 0.8326, test_acc: 0.7263, f1: 0.6822
>>>>>>>>>>>>>>>>>>>>>>>>>>>>>>>>>>>>>>>>>>>>>>>>>>>>>>>>>>>>
epoch: 13
loss: 0.5104, acc: 1.0000, test_acc: 0.7073, f1: 0.6490
loss: 0.9478, acc: 0.8750, test_acc: 0.6994, f1: 0.6324
loss: 0.9141, acc: 0.7917, test_acc: 0.7247, f1: 0.6617
loss: 0.6635, acc: 0.8125, test_acc: 0.7310, f1: 0.6819
>> saved: ./DualGCN/state_dict/dualgcn_laptop_acc_0.7532_f1_0.7160
loss: 0.6813, acc: 0.8125, test_acc: 0.7532, f1: 0.7160
loss: 0.8406, acc: 0.8021, test_acc: 0.7516, f1: 0.7127
loss: 0.9775, acc: 0.8036, test_acc: 0.7500, f1: 0.7133
loss: 0.5961, acc: 0.8125, test_acc: 0.7358, f1: 0.6920
loss: 0.6186, acc: 0.8264, test_acc: 0.7278, f1: 0.6751
loss: 0.5373, acc: 0.8375, test_acc: 0.7263, f1: 0.6645
loss: 0.4675, acc: 0.8466, test_acc: 0.7342, f1: 0.6724
loss: 0.5460, acc: 0.8490, test_acc: 0.7373, f1: 0.6809
loss: 0.6046, acc: 0.8510, test_acc: 0.7104, f1: 0.6590
loss: 1.3322, acc: 0.8304, test_acc: 0.7057, f1: 0.6545
loss: 0.5655, acc: 0.8375, test_acc: 0.7421, f1: 0.6972
loss: 0.5503, acc: 0.8398, test_acc: 0.7373, f1: 0.6905
loss: 0.7768, acc: 0.8382, test_acc: 0.7342, f1: 0.6753
loss: 0.7104, acc: 0.8299, test_acc: 0.7389, f1: 0.6759
loss: 0.5506, acc: 0.8322, test_acc: 0.7405, f1: 0.6987
loss: 0.8751, acc: 0.8250, test_acc: 0.7231, f1: 0.6887
loss: 0.8901, acc: 0.8214, test_acc: 0.7468, f1: 0.7055
loss: 0.6830, acc: 0.8239, test_acc: 0.7405, f1: 0.6942
loss: 0.5801, acc: 0.8315, test_acc: 0.7389, f1: 0.6876
loss: 0.5729, acc: 0.8307, test_acc: 0.7389, f1: 0.6859
loss: 0.8062, acc: 0.8225, test_acc: 0.7389, f1: 0.7005
loss: 0.9284, acc: 0.8173, test_acc: 0.7468, f1: 0.7188
loss: 0.7414, acc: 0.8171, test_acc: 0.7468, f1: 0.7106
loss: 0.8032, acc: 0.8170, test_acc: 0.7405, f1: 0.6908
loss: 0.8855, acc: 0.8168, test_acc: 0.7263, f1: 0.6633
>>>>>>>>>>>>>>>>>>>>>>>>>>>>>>>>>>>>>>>>>>>>>>>>>>>>>>>>>>>>
epoch: 14
loss: 0.7278, acc: 0.9375, test_acc: 0.7310, f1: 0.6689
loss: 1.1708, acc: 0.8125, test_acc: 0.7278, f1: 0.6701
loss: 0.6325, acc: 0.8333, test_acc: 0.7310, f1: 0.6840
loss: 0.5699, acc: 0.8125, test_acc: 0.7389, f1: 0.6993
loss: 0.6606, acc: 0.8250, test_acc: 0.7389, f1: 0.6970
loss: 0.7390, acc: 0.8229, test_acc: 0.7310, f1: 0.6878
loss: 0.9341, acc: 0.7946, test_acc: 0.7294, f1: 0.6850
loss: 0.5481, acc: 0.8125, test_acc: 0.7342, f1: 0.6820
loss: 0.3548, acc: 0.8333, test_acc: 0.7373, f1: 0.6884
loss: 0.7483, acc: 0.8250, test_acc: 0.7373, f1: 0.6826
loss: 0.8467, acc: 0.8125, test_acc: 0.7437, f1: 0.6837
loss: 0.5109, acc: 0.8229, test_acc: 0.7389, f1: 0.6854
loss: 0.6099, acc: 0.8221, test_acc: 0.7453, f1: 0.6936
loss: 0.7833, acc: 0.8259, test_acc: 0.7453, f1: 0.7027
loss: 1.0465, acc: 0.8125, test_acc: 0.7405, f1: 0.6928
loss: 0.7110, acc: 0.8164, test_acc: 0.7421, f1: 0.6944
loss: 0.5121, acc: 0.8235, test_acc: 0.7358, f1: 0.6845
loss: 0.6115, acc: 0.8264, test_acc: 0.7342, f1: 0.6809
loss: 1.2867, acc: 0.8158, test_acc: 0.7468, f1: 0.6994
loss: 0.5342, acc: 0.8219, test_acc: 0.7405, f1: 0.6975
loss: 0.6732, acc: 0.8244, test_acc: 0.7421, f1: 0.7050
loss: 0.7009, acc: 0.8210, test_acc: 0.7215, f1: 0.6844
loss: 0.6354, acc: 0.8261, test_acc: 0.7247, f1: 0.6723
loss: 0.5893, acc: 0.8281, test_acc: 0.7278, f1: 0.6737
loss: 0.7198, acc: 0.8275, test_acc: 0.7358, f1: 0.6921
loss: 0.6364, acc: 0.8245, test_acc: 0.7373, f1: 0.6993
loss: 0.7691, acc: 0.8264, test_acc: 0.7247, f1: 0.6855
loss: 0.7331, acc: 0.8237, test_acc: 0.7326, f1: 0.6909
loss: 0.8467, acc: 0.8231, test_acc: 0.7326, f1: 0.6830
>>>>>>>>>>>>>>>>>>>>>>>>>>>>>>>>>>>>>>>>>>>>>>>>>>>>>>>>>>>>
epoch: 15
loss: 0.9746, acc: 0.6875, test_acc: 0.7326, f1: 0.6858
loss: 0.6351, acc: 0.7188, test_acc: 0.7468, f1: 0.7092
loss: 0.7045, acc: 0.7292, test_acc: 0.7358, f1: 0.6932
loss: 0.6394, acc: 0.7656, test_acc: 0.7247, f1: 0.6843
loss: 0.9056, acc: 0.7250, test_acc: 0.7136, f1: 0.6753
loss: 1.0662, acc: 0.6979, test_acc: 0.7326, f1: 0.6868
loss: 0.7217, acc: 0.7143, test_acc: 0.7120, f1: 0.6565
loss: 0.7101, acc: 0.7344, test_acc: 0.7199, f1: 0.6643
loss: 0.7481, acc: 0.7292, test_acc: 0.7184, f1: 0.6582
loss: 0.6345, acc: 0.7438, test_acc: 0.7247, f1: 0.6629
loss: 0.8871, acc: 0.7500, test_acc: 0.7278, f1: 0.6763
loss: 0.6952, acc: 0.7604, test_acc: 0.7342, f1: 0.6958
>> saved: ./DualGCN/state_dict/dualgcn_laptop_acc_0.7563_f1_0.7269
loss: 0.7291, acc: 0.7692, test_acc: 0.7563, f1: 0.7269
>> saved: ./DualGCN/state_dict/dualgcn_laptop_acc_0.7595_f1_0.7275
loss: 0.7253, acc: 0.7679, test_acc: 0.7595, f1: 0.7275
loss: 0.6498, acc: 0.7667, test_acc: 0.7389, f1: 0.6931
loss: 0.4760, acc: 0.7773, test_acc: 0.7516, f1: 0.6929
loss: 0.6254, acc: 0.7757, test_acc: 0.7405, f1: 0.6689
loss: 0.5939, acc: 0.7778, test_acc: 0.7547, f1: 0.6967
loss: 0.8724, acc: 0.7730, test_acc: 0.7532, f1: 0.7088
loss: 0.9404, acc: 0.7656, test_acc: 0.7547, f1: 0.7158
loss: 0.5257, acc: 0.7708, test_acc: 0.7484, f1: 0.7032
loss: 1.0694, acc: 0.7642, test_acc: 0.7484, f1: 0.6997
loss: 0.5753, acc: 0.7663, test_acc: 0.7468, f1: 0.7012
loss: 0.6321, acc: 0.7682, test_acc: 0.7532, f1: 0.7129
loss: 0.7464, acc: 0.7675, test_acc: 0.7563, f1: 0.7173
loss: 0.5448, acc: 0.7716, test_acc: 0.7532, f1: 0.7122
loss: 0.7742, acc: 0.7708, test_acc: 0.7437, f1: 0.6923
loss: 0.8930, acc: 0.7656, test_acc: 0.7405, f1: 0.6830
>>>>>>>>>>>>>>>>>>>>>>>>>>>>>>>>>>>>>>>>>>>>>>>>>>>>>>>>>>>>
epoch: 16
loss: 0.5398, acc: 0.8750, test_acc: 0.7453, f1: 0.6968
loss: 0.8036, acc: 0.8125, test_acc: 0.7358, f1: 0.6957
loss: 0.7900, acc: 0.7917, test_acc: 0.7358, f1: 0.6981
loss: 0.6733, acc: 0.8125, test_acc: 0.7405, f1: 0.6950
loss: 0.6655, acc: 0.8250, test_acc: 0.7421, f1: 0.6932
loss: 0.5314, acc: 0.8542, test_acc: 0.7389, f1: 0.6830
>> saved: ./DualGCN/state_dict/dualgcn_laptop_acc_0.7642_f1_0.7212
loss: 0.6554, acc: 0.8482, test_acc: 0.7642, f1: 0.7212
loss: 0.6581, acc: 0.8438, test_acc: 0.7389, f1: 0.6967
loss: 0.9877, acc: 0.8333, test_acc: 0.7468, f1: 0.6975
loss: 0.3972, acc: 0.8500, test_acc: 0.7421, f1: 0.6952
loss: 0.7811, acc: 0.8466, test_acc: 0.7468, f1: 0.7066
loss: 0.7299, acc: 0.8438, test_acc: 0.7342, f1: 0.7006
loss: 0.9601, acc: 0.8221, test_acc: 0.7326, f1: 0.6978
loss: 0.7339, acc: 0.8214, test_acc: 0.7453, f1: 0.7000
loss: 0.5574, acc: 0.8250, test_acc: 0.7373, f1: 0.6790
loss: 0.7428, acc: 0.8281, test_acc: 0.7437, f1: 0.6933
loss: 0.5660, acc: 0.8309, test_acc: 0.7405, f1: 0.7041
loss: 0.9417, acc: 0.8229, test_acc: 0.7326, f1: 0.6980
loss: 0.6816, acc: 0.8257, test_acc: 0.7421, f1: 0.6974
loss: 0.7232, acc: 0.8219, test_acc: 0.7326, f1: 0.6770
loss: 0.6916, acc: 0.8214, test_acc: 0.7326, f1: 0.6778
loss: 0.9649, acc: 0.8239, test_acc: 0.7326, f1: 0.6770
loss: 0.5361, acc: 0.8288, test_acc: 0.7326, f1: 0.6811
loss: 0.4960, acc: 0.8333, test_acc: 0.7389, f1: 0.6941
loss: 0.5575, acc: 0.8350, test_acc: 0.7389, f1: 0.6923
loss: 0.5930, acc: 0.8365, test_acc: 0.7389, f1: 0.6929
loss: 0.7326, acc: 0.8333, test_acc: 0.7358, f1: 0.6855
loss: 0.8760, acc: 0.8304, test_acc: 0.7278, f1: 0.6733
loss: 0.6881, acc: 0.8297, test_acc: 0.7310, f1: 0.6832
>>>>>>>>>>>>>>>>>>>>>>>>>>>>>>>>>>>>>>>>>>>>>>>>>>>>>>>>>>>>
epoch: 17
loss: 0.5645, acc: 0.8750, test_acc: 0.7405, f1: 0.6998
loss: 0.7005, acc: 0.8438, test_acc: 0.7247, f1: 0.6925
loss: 0.6586, acc: 0.8125, test_acc: 0.7247, f1: 0.6924
loss: 1.0746, acc: 0.8125, test_acc: 0.7294, f1: 0.6817
loss: 0.6985, acc: 0.8125, test_acc: 0.7326, f1: 0.6788
loss: 0.8343, acc: 0.8229, test_acc: 0.7278, f1: 0.6717
loss: 0.6552, acc: 0.8304, test_acc: 0.7373, f1: 0.6881
loss: 0.5643, acc: 0.8281, test_acc: 0.7421, f1: 0.6949
loss: 0.5114, acc: 0.8333, test_acc: 0.7453, f1: 0.7033
loss: 0.6373, acc: 0.8313, test_acc: 0.7389, f1: 0.6925
loss: 0.6070, acc: 0.8295, test_acc: 0.7405, f1: 0.6903
loss: 0.5579, acc: 0.8333, test_acc: 0.7453, f1: 0.6999
loss: 0.7299, acc: 0.8365, test_acc: 0.7294, f1: 0.6896
loss: 0.6648, acc: 0.8393, test_acc: 0.7310, f1: 0.6938
loss: 0.9586, acc: 0.8250, test_acc: 0.7532, f1: 0.7145
loss: 0.7015, acc: 0.8242, test_acc: 0.7405, f1: 0.6929
loss: 0.5245, acc: 0.8309, test_acc: 0.7389, f1: 0.6861
loss: 0.8790, acc: 0.8264, test_acc: 0.7453, f1: 0.6969
loss: 0.5605, acc: 0.8257, test_acc: 0.7453, f1: 0.6979
loss: 0.8686, acc: 0.8219, test_acc: 0.7532, f1: 0.7081
loss: 0.5276, acc: 0.8244, test_acc: 0.7547, f1: 0.7070
loss: 0.8344, acc: 0.8182, test_acc: 0.7563, f1: 0.7070
loss: 0.7222, acc: 0.8152, test_acc: 0.7310, f1: 0.6665
loss: 0.7936, acc: 0.8125, test_acc: 0.7389, f1: 0.6822
loss: 0.6075, acc: 0.8150, test_acc: 0.7500, f1: 0.7087
loss: 0.8387, acc: 0.8101, test_acc: 0.7611, f1: 0.7239
loss: 0.7456, acc: 0.8125, test_acc: 0.7500, f1: 0.7063
loss: 0.6256, acc: 0.8125, test_acc: 0.7389, f1: 0.6853
>>>>>>>>>>>>>>>>>>>>>>>>>>>>>>>>>>>>>>>>>>>>>>>>>>>>>>>>>>>>
epoch: 18
loss: 0.6253, acc: 0.8125, test_acc: 0.7373, f1: 0.6725
loss: 0.6966, acc: 0.8438, test_acc: 0.7294, f1: 0.6638
loss: 0.7994, acc: 0.8542, test_acc: 0.7405, f1: 0.6889
loss: 0.9214, acc: 0.8281, test_acc: 0.7389, f1: 0.6840
loss: 0.5551, acc: 0.8500, test_acc: 0.7342, f1: 0.6775
loss: 0.5344, acc: 0.8646, test_acc: 0.7453, f1: 0.7017
>> saved: ./DualGCN/state_dict/dualgcn_laptop_acc_0.7674_f1_0.7384
loss: 0.8157, acc: 0.8393, test_acc: 0.7674, f1: 0.7384
loss: 0.6876, acc: 0.8359, test_acc: 0.7310, f1: 0.6946
loss: 0.7448, acc: 0.8333, test_acc: 0.7547, f1: 0.7057
loss: 0.5392, acc: 0.8375, test_acc: 0.7342, f1: 0.6776
loss: 0.5807, acc: 0.8409, test_acc: 0.7278, f1: 0.6732
loss: 0.5895, acc: 0.8438, test_acc: 0.7579, f1: 0.7150
loss: 0.4436, acc: 0.8510, test_acc: 0.7437, f1: 0.7097
loss: 0.5181, acc: 0.8527, test_acc: 0.7468, f1: 0.7167
loss: 0.6893, acc: 0.8542, test_acc: 0.7579, f1: 0.7160
loss: 0.6034, acc: 0.8516, test_acc: 0.7500, f1: 0.6996
loss: 0.7064, acc: 0.8456, test_acc: 0.7563, f1: 0.7081
loss: 0.5629, acc: 0.8507, test_acc: 0.7627, f1: 0.7179
loss: 0.5677, acc: 0.8553, test_acc: 0.7532, f1: 0.7127
loss: 0.6674, acc: 0.8531, test_acc: 0.7547, f1: 0.7088
loss: 0.4786, acc: 0.8601, test_acc: 0.7468, f1: 0.6874
loss: 0.3261, acc: 0.8665, test_acc: 0.7516, f1: 0.6965
loss: 0.4806, acc: 0.8668, test_acc: 0.7532, f1: 0.7042
loss: 0.8177, acc: 0.8620, test_acc: 0.7516, f1: 0.7113
loss: 0.7287, acc: 0.8600, test_acc: 0.7579, f1: 0.7176
loss: 0.5900, acc: 0.8606, test_acc: 0.7579, f1: 0.7143
loss: 0.5341, acc: 0.8611, test_acc: 0.7484, f1: 0.6942
loss: 0.6018, acc: 0.8616, test_acc: 0.7532, f1: 0.7049
loss: 0.7429, acc: 0.8578, test_acc: 0.7595, f1: 0.7199
>>>>>>>>>>>>>>>>>>>>>>>>>>>>>>>>>>>>>>>>>>>>>>>>>>>>>>>>>>>>
epoch: 19
loss: 0.5278, acc: 0.9375, test_acc: 0.7563, f1: 0.7235
loss: 0.7311, acc: 0.8750, test_acc: 0.7468, f1: 0.7026
loss: 0.6624, acc: 0.8750, test_acc: 0.7547, f1: 0.7048
loss: 0.7458, acc: 0.8750, test_acc: 0.7579, f1: 0.7103
loss: 0.3415, acc: 0.9000, test_acc: 0.7611, f1: 0.7187
loss: 0.5703, acc: 0.8958, test_acc: 0.7563, f1: 0.7168
loss: 0.4534, acc: 0.8929, test_acc: 0.7437, f1: 0.6972
loss: 0.5291, acc: 0.8906, test_acc: 0.7294, f1: 0.6832
loss: 0.4592, acc: 0.8958, test_acc: 0.7500, f1: 0.7069
loss: 0.4855, acc: 0.9000, test_acc: 0.7579, f1: 0.7114
loss: 0.5453, acc: 0.8977, test_acc: 0.7532, f1: 0.7003
loss: 0.6633, acc: 0.8854, test_acc: 0.7547, f1: 0.7047
loss: 0.5287, acc: 0.8846, test_acc: 0.7547, f1: 0.7022
loss: 0.9001, acc: 0.8795, test_acc: 0.7421, f1: 0.6790
loss: 0.8939, acc: 0.8750, test_acc: 0.7468, f1: 0.6841
loss: 0.7226, acc: 0.8711, test_acc: 0.7484, f1: 0.6975
>> saved: ./DualGCN/state_dict/dualgcn_laptop_acc_0.7722_f1_0.7367
loss: 0.5456, acc: 0.8713, test_acc: 0.7722, f1: 0.7367
loss: 0.5970, acc: 0.8681, test_acc: 0.7516, f1: 0.7190
loss: 0.4901, acc: 0.8684, test_acc: 0.7579, f1: 0.7166
loss: 0.4501, acc: 0.8688, test_acc: 0.7579, f1: 0.7093
loss: 0.6506, acc: 0.8690, test_acc: 0.7642, f1: 0.7215
loss: 0.8310, acc: 0.8636, test_acc: 0.7563, f1: 0.7112
loss: 0.8997, acc: 0.8587, test_acc: 0.7611, f1: 0.7178
loss: 0.4957, acc: 0.8620, test_acc: 0.7579, f1: 0.7143
loss: 0.4378, acc: 0.8650, test_acc: 0.7532, f1: 0.6985
loss: 0.5185, acc: 0.8654, test_acc: 0.7516, f1: 0.7062
loss: 1.0284, acc: 0.8565, test_acc: 0.7453, f1: 0.7013
loss: 0.5654, acc: 0.8549, test_acc: 0.7579, f1: 0.7106
loss: 1.5207, acc: 0.8450, test_acc: 0.7500, f1: 0.6916
max_test_acc: 0.7721518987341772, max_f1: 0.7384056088726988
>> saved: ./DualGCN/state_dict/dualgcn_laptop_acc_0.7722_f1_0.7367
############################################################
max_test_acc_overall:0.7721518987341772
max_f1_overall:0.7384056088726988
Precision, Recall and F1-Score...
              precision    recall  f1-score   support

           0     0.9208    0.8279    0.8719       337
           1     0.5803    0.8750    0.6978       128
           2     0.7132    0.5808    0.6403       167

    accuracy                         0.7722       632
   macro avg     0.7381    0.7612    0.7367       632
weighted avg     0.7970    0.7722    0.7754       632

Confusion Matrix...
[[279  27  31]
 [  8 112   8]
 [ 16  54  97]]
